<?xml version="1.0" encoding="UTF-8"?>
<testsuite xmlns:xsi="http://www.w3.org/2001/XMLSchema-instance" xsi:noNamespaceSchemaLocation="https://maven.apache.org/surefire/maven-surefire-plugin/xsd/surefire-test-report.xsd" version="3.0.2" name="it.univr.di.cstnu.algorithms.PSTNTest" time="7.514" tests="2" errors="0" skipped="0" failures="0">
  <properties>
[...]
</properties>
  <testcase name="buildApproxSTNU" classname="it.univr.di.cstnu.algorithms.PSTNTest" time="5.474"/>
  <testcase name="logNormalStringTest" classname="it.univr.di.cstnu.algorithms.PSTNTest" time="2.014"/>
</testsuite>